{"/Users/macosbigsur/Documents/Code/Drips-OSS/hintents/src/config/rpc-config.ts": {"path":"/Users/macosbigsur/Documents/Code/Drips-OSS/hintents/src/config/rpc-config.ts","statementMap":{"0":{"start":{"line":1,"column":0},"end":{"line":1,"column":26}},"1":{"start":{"line":19,"column":31},"end":{"line":19,"column":33}},"2":{"start":{"line":21,"column":8},"end":{"line":26,"column":9}},"3":{"start":{"line":22,"column":12},"end":{"line":22,"column":32}},"4":{"start":{"line":23,"column":15},"end":{"line":26,"column":9}},"5":{"start":{"line":25,"column":12},"end":{"line":25,"column":66}},"6":{"start":{"line":25,"column":53},"end":{"line":25,"column":63}},"7":{"start":{"line":29,"column":26},"end":{"line":29,"column":66}},"8":{"start":{"line":29,"column":45},"end":{"line":29,"column":65}},"9":{"start":{"line":31,"column":8},"end":{"line":33,"column":9}},"10":{"start":{"line":32,"column":12},"end":{"line":32,"column":58}},"11":{"start":{"line":35,"column":8},"end":{"line":35,"column":25}},"12":{"start":{"line":42,"column":8},"end":{"line":48,"column":9}},"13":{"start":{"line":43,"column":24},"end":{"line":43,"column":42}},"14":{"start":{"line":44,"column":12},"end":{"line":44,"column":73}},"15":{"start":{"line":46,"column":12},"end":{"line":46,"column":70}},"16":{"start":{"line":47,"column":12},"end":{"line":47,"column":25}},"17":{"start":{"line":60,"column":25},"end":{"line":60,"column":68}},"18":{"start":{"line":62,"column":8},"end":{"line":64,"column":9}},"19":{"start":{"line":63,"column":12},"end":{"line":63,"column":103}},"20":{"start":{"line":66,"column":21},"end":{"line":66,"column":45}},"21":{"start":{"line":68,"column":8},"end":{"line":76,"column":10}},"22":{"start":{"line":14,"column":0},"end":{"line":14,"column":13}}},"fnMap":{"0":{"name":"(anonymous_0)","decl":{"start":{"line":18,"column":4},"end":{"line":18,"column":10}},"loc":{"start":{"line":18,"column":45},"end":{"line":36,"column":5}}},"1":{"name":"(anonymous_1)","decl":{"start":{"line":25,"column":46},"end":{"line":25,"column":49}},"loc":{"start":{"line":25,"column":53},"end":{"line":25,"column":63}}},"2":{"name":"(anonymous_2)","decl":{"start":{"line":29,"column":38},"end":{"line":29,"column":41}},"loc":{"start":{"line":29,"column":45},"end":{"line":29,"column":65}}},"3":{"name":"(anonymous_3)","decl":{"start":{"line":41,"column":4},"end":{"line":41,"column":10}},"loc":{"start":{"line":41,"column":39},"end":{"line":49,"column":5}}},"4":{"name":"(anonymous_4)","decl":{"start":{"line":54,"column":4},"end":{"line":54,"column":10}},"loc":{"start":{"line":58,"column":5},"end":{"line":77,"column":5}}}},"branchMap":{"0":{"loc":{"start":{"line":21,"column":8},"end":{"line":26,"column":9}},"type":"if","locations":[{"start":{"line":21,"column":8},"end":{"line":26,"column":9}},{"start":{"line":23,"column":15},"end":{"line":26,"column":9}}]},"1":{"loc":{"start":{"line":23,"column":15},"end":{"line":26,"column":9}},"type":"if","locations":[{"start":{"line":23,"column":15},"end":{"line":26,"column":9}},{"start":{},"end":{}}]},"2":{"loc":{"start":{"line":31,"column":8},"end":{"line":33,"column":9}},"type":"if","locations":[{"start":{"line":31,"column":8},"end":{"line":33,"column":9}},{"start":{},"end":{}}]},"3":{"loc":{"start":{"line":44,"column":19},"end":{"line":44,"column":72}},"type":"binary-expr","locations":[{"start":{"line":44,"column":19},"end":{"line":44,"column":43}},{"start":{"line":44,"column":47},"end":{"line":44,"column":72}}]},"4":{"loc":{"start":{"line":60,"column":25},"end":{"line":60,"column":68}},"type":"binary-expr","locations":[{"start":{"line":60,"column":25},"end":{"line":60,"column":36}},{"start":{"line":60,"column":40},"end":{"line":60,"column":68}}]},"5":{"loc":{"start":{"line":62,"column":8},"end":{"line":64,"column":9}},"type":"if","locations":[{"start":{"line":62,"column":8},"end":{"line":64,"column":9}},{"start":{},"end":{}}]},"6":{"loc":{"start":{"line":70,"column":21},"end":{"line":70,"column":45}},"type":"binary-expr","locations":[{"start":{"line":70,"column":21},"end":{"line":70,"column":36}},{"start":{"line":70,"column":40},"end":{"line":70,"column":45}}]},"7":{"loc":{"start":{"line":71,"column":21},"end":{"line":71,"column":41}},"type":"binary-expr","locations":[{"start":{"line":71,"column":21},"end":{"line":71,"column":36}},{"start":{"line":71,"column":40},"end":{"line":71,"column":41}}]}},"s":{"0":1,"1":8,"2":8,"3":1,"4":7,"5":7,"6":13,"7":8,"8":15,"9":8,"10":1,"11":7,"12":19,"13":19,"14":16,"15":3,"16":3,"17":4,"18":4,"19":1,"20":3,"21":3,"22":1},"f":{"0":8,"1":13,"2":15,"3":19,"4":4},"b":{"0":[1,7],"1":[7,0],"2":[1,7],"3":[16,15],"4":[4,2],"5":[1,3],"6":[3,2],"7":[3,2]}}
,"/Users/macosbigsur/Documents/Code/Drips-OSS/hintents/src/debug/session.ts": {"path":"/Users/macosbigsur/Documents/Code/Drips-OSS/hintents/src/debug/session.ts","statementMap":{"0":{"start":{"line":9,"column":8},"end":{"line":9,"column":29}},"1":{"start":{"line":13,"column":8},"end":{"line":13,"column":96}},"2":{"start":{"line":5,"column":0},"end":{"line":5,"column":13}}},"fnMap":{"0":{"name":"(anonymous_0)","decl":{"start":{"line":8,"column":4},"end":{"line":8,"column":16}},"loc":{"start":{"line":8,"column":88},"end":{"line":10,"column":5}}},"1":{"name":"(anonymous_1)","decl":{"start":{"line":12,"column":4},"end":{"line":12,"column":9}},"loc":{"start":{"line":12,"column":15},"end":{"line":15,"column":5}}}},"branchMap":{},"s":{"0":6,"1":6,"2":1},"f":{"0":6,"1":6},"b":{}}
,"/Users/macosbigsur/Documents/Code/Drips-OSS/hintents/src/protocol/handler.ts": {"path":"/Users/macosbigsur/Documents/Code/Drips-OSS/hintents/src/protocol/handler.ts","statementMap":{"0":{"start":{"line":1,"column":0},"end":{"line":1,"column":52}},"1":{"start":{"line":2,"column":0},"end":{"line":2,"column":48}},"2":{"start":{"line":3,"column":0},"end":{"line":3,"column":34}},"3":{"start":{"line":4,"column":0},"end":{"line":4,"column":29}},"4":{"start":{"line":5,"column":0},"end":{"line":5,"column":25}},"5":{"start":{"line":23,"column":12},"end":{"line":23,"column":61}},"6":{"start":{"line":27,"column":8},"end":{"line":27,"column":38}},"7":{"start":{"line":28,"column":8},"end":{"line":34,"column":10}},"8":{"start":{"line":37,"column":8},"end":{"line":37,"column":83}},"9":{"start":{"line":44,"column":26},"end":{"line":44,"column":50}},"10":{"start":{"line":46,"column":8},"end":{"line":68,"column":9}},"11":{"start":{"line":48,"column":30},"end":{"line":48,"column":61}},"12":{"start":{"line":51,"column":27},"end":{"line":51,"column":55}},"13":{"start":{"line":54,"column":12},"end":{"line":54,"column":46}},"14":{"start":{"line":57,"column":12},"end":{"line":57,"column":63}},"15":{"start":{"line":60,"column":12},"end":{"line":60,"column":49}},"16":{"start":{"line":63,"column":12},"end":{"line":66,"column":13}},"17":{"start":{"line":64,"column":16},"end":{"line":64,"column":101}},"18":{"start":{"line":65,"column":16},"end":{"line":65,"column":28}},"19":{"start":{"line":67,"column":12},"end":{"line":67,"column":82}},"20":{"start":{"line":76,"column":8},"end":{"line":76,"column":40}},"21":{"start":{"line":79,"column":8},"end":{"line":85,"column":9}},"22":{"start":{"line":80,"column":28},"end":{"line":80,"column":85}},"23":{"start":{"line":82,"column":12},"end":{"line":84,"column":13}},"24":{"start":{"line":83,"column":16},"end":{"line":83,"column":83}},"25":{"start":{"line":88,"column":8},"end":{"line":95,"column":9}},"26":{"start":{"line":89,"column":12},"end":{"line":91,"column":13}},"27":{"start":{"line":90,"column":16},"end":{"line":90,"column":84}},"28":{"start":{"line":92,"column":12},"end":{"line":94,"column":13}},"29":{"start":{"line":93,"column":16},"end":{"line":93,"column":86}},"30":{"start":{"line":104,"column":20},"end":{"line":104,"column":30}},"31":{"start":{"line":105,"column":20},"end":{"line":105,"column":23}},"32":{"start":{"line":107,"column":8},"end":{"line":109,"column":9}},"33":{"start":{"line":108,"column":12},"end":{"line":108,"column":44}},"34":{"start":{"line":111,"column":27},"end":{"line":111,"column":55}},"35":{"start":{"line":114,"column":28},"end":{"line":114,"column":76}},"36":{"start":{"line":115,"column":33},"end":{"line":115,"column":74}},"37":{"start":{"line":115,"column":57},"end":{"line":115,"column":73}},"38":{"start":{"line":117,"column":8},"end":{"line":119,"column":9}},"39":{"start":{"line":118,"column":12},"end":{"line":118,"column":104}},"40":{"start":{"line":122,"column":8},"end":{"line":122,"column":35}},"41":{"start":{"line":123,"column":8},"end":{"line":123,"column":54}},"42":{"start":{"line":130,"column":8},"end":{"line":130,"column":74}},"43":{"start":{"line":131,"column":8},"end":{"line":131,"column":67}},"44":{"start":{"line":132,"column":8},"end":{"line":132,"column":59}},"45":{"start":{"line":134,"column":8},"end":{"line":136,"column":9}},"46":{"start":{"line":135,"column":12},"end":{"line":135,"column":69}},"47":{"start":{"line":138,"column":8},"end":{"line":140,"column":9}},"48":{"start":{"line":139,"column":12},"end":{"line":139,"column":62}},"49":{"start":{"line":142,"column":24},"end":{"line":146,"column":10}},"50":{"start":{"line":148,"column":8},"end":{"line":148,"column":30}},"51":{"start":{"line":156,"column":8},"end":{"line":171,"column":9}},"52":{"start":{"line":158,"column":12},"end":{"line":158,"column":81}},"53":{"start":{"line":160,"column":29},"end":{"line":164,"column":21}},"54":{"start":{"line":167,"column":12},"end":{"line":167,"column":69}},"55":{"start":{"line":170,"column":12},"end":{"line":170,"column":76}},"56":{"start":{"line":20,"column":0},"end":{"line":20,"column":13}}},"fnMap":{"0":{"name":"(anonymous_9)","decl":{"start":{"line":26,"column":4},"end":{"line":26,"column":16}},"loc":{"start":{"line":26,"column":42},"end":{"line":38,"column":5}}},"1":{"name":"(anonymous_10)","decl":{"start":{"line":43,"column":4},"end":{"line":43,"column":9}},"loc":{"start":{"line":43,"column":34},"end":{"line":69,"column":5}}},"2":{"name":"(anonymous_11)","decl":{"start":{"line":74,"column":12},"end":{"line":74,"column":17}},"loc":{"start":{"line":74,"column":50},"end":{"line":98,"column":5}}},"3":{"name":"(anonymous_12)","decl":{"start":{"line":103,"column":12},"end":{"line":103,"column":26}},"loc":{"start":{"line":103,"column":38},"end":{"line":124,"column":5}}},"4":{"name":"(anonymous_13)","decl":{"start":{"line":115,"column":51},"end":{"line":115,"column":53}},"loc":{"start":{"line":115,"column":57},"end":{"line":115,"column":73}}},"5":{"name":"(anonymous_14)","decl":{"start":{"line":129,"column":12},"end":{"line":129,"column":17}},"loc":{"start":{"line":129,"column":53},"end":{"line":149,"column":5}}},"6":{"name":"(anonymous_15)","decl":{"start":{"line":155,"column":12},"end":{"line":155,"column":17}},"loc":{"start":{"line":155,"column":88},"end":{"line":172,"column":5}}}},"branchMap":{"0":{"loc":{"start":{"line":26,"column":16},"end":{"line":26,"column":42}},"type":"default-arg","locations":[{"start":{"line":26,"column":40},"end":{"line":26,"column":42}}]},"1":{"loc":{"start":{"line":63,"column":12},"end":{"line":66,"column":13}},"type":"if","locations":[{"start":{"line":63,"column":12},"end":{"line":66,"column":13}},{"start":{},"end":{}}]},"2":{"loc":{"start":{"line":79,"column":8},"end":{"line":85,"column":9}},"type":"if","locations":[{"start":{"line":79,"column":8},"end":{"line":85,"column":9}},{"start":{},"end":{}}]},"3":{"loc":{"start":{"line":79,"column":12},"end":{"line":79,"column":50}},"type":"binary-expr","locations":[{"start":{"line":79,"column":12},"end":{"line":79,"column":30}},{"start":{"line":79,"column":34},"end":{"line":79,"column":50}}]},"4":{"loc":{"start":{"line":82,"column":12},"end":{"line":84,"column":13}},"type":"if","locations":[{"start":{"line":82,"column":12},"end":{"line":84,"column":13}},{"start":{},"end":{}}]},"5":{"loc":{"start":{"line":88,"column":8},"end":{"line":95,"column":9}},"type":"if","locations":[{"start":{"line":88,"column":8},"end":{"line":95,"column":9}},{"start":{},"end":{}}]},"6":{"loc":{"start":{"line":89,"column":12},"end":{"line":91,"column":13}},"type":"if","locations":[{"start":{"line":89,"column":12},"end":{"line":91,"column":13}},{"start":{},"end":{}}]},"7":{"loc":{"start":{"line":92,"column":12},"end":{"line":94,"column":13}},"type":"if","locations":[{"start":{"line":92,"column":12},"end":{"line":94,"column":13}},{"start":{},"end":{}}]},"8":{"loc":{"start":{"line":107,"column":8},"end":{"line":109,"column":9}},"type":"if","locations":[{"start":{"line":107,"column":8},"end":{"line":109,"column":9}},{"start":{},"end":{}}]},"9":{"loc":{"start":{"line":114,"column":35},"end":{"line":114,"column":75}},"type":"binary-expr","locations":[{"start":{"line":114,"column":35},"end":{"line":114,"column":66}},{"start":{"line":114,"column":70},"end":{"line":114,"column":75}}]},"10":{"loc":{"start":{"line":117,"column":8},"end":{"line":119,"column":9}},"type":"if","locations":[{"start":{"line":117,"column":8},"end":{"line":119,"column":9}},{"start":{},"end":{}}]},"11":{"loc":{"start":{"line":117,"column":40},"end":{"line":117,"column":82}},"type":"binary-expr","locations":[{"start":{"line":117,"column":40},"end":{"line":117,"column":77}},{"start":{"line":117,"column":81},"end":{"line":117,"column":82}}]},"12":{"loc":{"start":{"line":134,"column":8},"end":{"line":136,"column":9}},"type":"if","locations":[{"start":{"line":134,"column":8},"end":{"line":136,"column":9}},{"start":{},"end":{}}]},"13":{"loc":{"start":{"line":138,"column":8},"end":{"line":140,"column":9}},"type":"if","locations":[{"start":{"line":138,"column":8},"end":{"line":140,"column":9}},{"start":{},"end":{}}]}},"s":{"0":1,"1":1,"2":1,"3":1,"4":1,"5":4,"6":4,"7":4,"8":4,"9":8,"10":8,"11":8,"12":8,"13":8,"14":6,"15":6,"16":2,"17":2,"18":2,"19":0,"20":8,"21":7,"22":0,"23":0,"24":0,"25":7,"26":7,"27":0,"28":7,"29":1,"30":8,"31":8,"32":8,"33":5,"34":8,"35":8,"36":8,"37":6,"38":8,"39":1,"40":7,"41":7,"42":6,"43":6,"44":6,"45":6,"46":0,"47":6,"48":6,"49":6,"50":6,"51":8,"52":8,"53":8,"54":8,"55":0,"56":1},"f":{"0":4,"1":8,"2":8,"3":8,"4":6,"5":6,"6":8},"b":{"0":[0],"1":[2,0],"2":[0,7],"3":[7,7],"4":[0,0],"5":[7,0],"6":[0,7],"7":[1,6],"8":[5,3],"9":[8,0],"10":[1,7],"11":[8,0],"12":[0,6],"13":[6,0]}}
,"/Users/macosbigsur/Documents/Code/Drips-OSS/hintents/src/protocol/uri-parser.ts": {"path":"/Users/macosbigsur/Documents/Code/Drips-OSS/hintents/src/protocol/uri-parser.ts","statementMap":{"0":{"start":{"line":1,"column":0},"end":{"line":1,"column":33}},"1":{"start":{"line":2,"column":0},"end":{"line":2,"column":26}},"2":{"start":{"line":18,"column":21},"end":{"line":18,"column":39}},"3":{"start":{"line":19,"column":21},"end":{"line":19,"column":62}},"4":{"start":{"line":26,"column":8},"end":{"line":28,"column":9}},"5":{"start":{"line":27,"column":12},"end":{"line":27,"column":71}},"6":{"start":{"line":31,"column":8},"end":{"line":31,"column":37}},"7":{"start":{"line":34,"column":8},"end":{"line":36,"column":9}},"8":{"start":{"line":35,"column":12},"end":{"line":35,"column":78}},"9":{"start":{"line":38,"column":8},"end":{"line":102,"column":9}},"10":{"start":{"line":40,"column":24},"end":{"line":40,"column":42}},"11":{"start":{"line":44,"column":12},"end":{"line":46,"column":13}},"12":{"start":{"line":45,"column":16},"end":{"line":45,"column":68}},"13":{"start":{"line":48,"column":30},"end":{"line":48,"column":69}},"14":{"start":{"line":50,"column":12},"end":{"line":52,"column":13}},"15":{"start":{"line":51,"column":16},"end":{"line":51,"column":67}},"16":{"start":{"line":54,"column":36},"end":{"line":54,"column":68}},"17":{"start":{"line":57,"column":12},"end":{"line":59,"column":13}},"18":{"start":{"line":58,"column":16},"end":{"line":58,"column":67}},"19":{"start":{"line":62,"column":27},"end":{"line":62,"column":43}},"20":{"start":{"line":65,"column":28},"end":{"line":65,"column":49}},"21":{"start":{"line":66,"column":12},"end":{"line":68,"column":13}},"22":{"start":{"line":67,"column":16},"end":{"line":67,"column":71}},"23":{"start":{"line":70,"column":12},"end":{"line":72,"column":13}},"24":{"start":{"line":71,"column":16},"end":{"line":71,"column":102}},"25":{"start":{"line":75,"column":30},"end":{"line":75,"column":53}},"26":{"start":{"line":76,"column":35},"end":{"line":76,"column":82}},"27":{"start":{"line":78,"column":12},"end":{"line":80,"column":13}},"28":{"start":{"line":79,"column":16},"end":{"line":79,"column":91}},"29":{"start":{"line":83,"column":27},"end":{"line":83,"column":60}},"30":{"start":{"line":86,"column":30},"end":{"line":86,"column":66}},"31":{"start":{"line":88,"column":12},"end":{"line":95,"column":14}},"32":{"start":{"line":97,"column":12},"end":{"line":100,"column":13}},"33":{"start":{"line":99,"column":16},"end":{"line":99,"column":28}},"34":{"start":{"line":101,"column":12},"end":{"line":101,"column":66}},"35":{"start":{"line":109,"column":8},"end":{"line":111,"column":9}},"36":{"start":{"line":110,"column":12},"end":{"line":110,"column":25}},"37":{"start":{"line":115,"column":21},"end":{"line":115,"column":115}},"38":{"start":{"line":118,"column":34},"end":{"line":121,"column":26}},"39":{"start":{"line":124,"column":8},"end":{"line":131,"column":9}},"40":{"start":{"line":125,"column":12},"end":{"line":128,"column":14}},"41":{"start":{"line":130,"column":12},"end":{"line":130,"column":25}},"42":{"start":{"line":138,"column":21},"end":{"line":138,"column":115}},"43":{"start":{"line":140,"column":8},"end":{"line":143,"column":27}},"44":{"start":{"line":152,"column":8},"end":{"line":154,"column":31}},"45":{"start":{"line":17,"column":0},"end":{"line":17,"column":13}}},"fnMap":{"0":{"name":"(anonymous_9)","decl":{"start":{"line":17,"column":0},"end":{"line":17,"column":13}},"loc":{"start":{"line":17,"column":0},"end":{"line":156,"column":1}}},"1":{"name":"(anonymous_10)","decl":{"start":{"line":24,"column":4},"end":{"line":24,"column":9}},"loc":{"start":{"line":24,"column":27},"end":{"line":103,"column":5}}},"2":{"name":"(anonymous_11)","decl":{"start":{"line":108,"column":4},"end":{"line":108,"column":21}},"loc":{"start":{"line":108,"column":55},"end":{"line":132,"column":5}}},"3":{"name":"(anonymous_12)","decl":{"start":{"line":137,"column":4},"end":{"line":137,"column":21}},"loc":{"start":{"line":137,"column":82},"end":{"line":144,"column":5}}},"4":{"name":"(anonymous_13)","decl":{"start":{"line":149,"column":4},"end":{"line":149,"column":12}},"loc":{"start":{"line":149,"column":30},"end":{"line":155,"column":5}}}},"branchMap":{"0":{"loc":{"start":{"line":26,"column":8},"end":{"line":28,"column":9}},"type":"if","locations":[{"start":{"line":26,"column":8},"end":{"line":28,"column":9}},{"start":{},"end":{}}]},"1":{"loc":{"start":{"line":26,"column":12},"end":{"line":26,"column":55}},"type":"binary-expr","locations":[{"start":{"line":26,"column":12},"end":{"line":26,"column":22}},{"start":{"line":26,"column":26},"end":{"line":26,"column":55}}]},"2":{"loc":{"start":{"line":34,"column":8},"end":{"line":36,"column":9}},"type":"if","locations":[{"start":{"line":34,"column":8},"end":{"line":36,"column":9}},{"start":{},"end":{}}]},"3":{"loc":{"start":{"line":44,"column":12},"end":{"line":46,"column":13}},"type":"if","locations":[{"start":{"line":44,"column":12},"end":{"line":46,"column":13}},{"start":{},"end":{}}]},"4":{"loc":{"start":{"line":50,"column":12},"end":{"line":52,"column":13}},"type":"if","locations":[{"start":{"line":50,"column":12},"end":{"line":52,"column":13}},{"start":{},"end":{}}]},"5":{"loc":{"start":{"line":57,"column":12},"end":{"line":59,"column":13}},"type":"if","locations":[{"start":{"line":57,"column":12},"end":{"line":59,"column":13}},{"start":{},"end":{}}]},"6":{"loc":{"start":{"line":66,"column":12},"end":{"line":68,"column":13}},"type":"if","locations":[{"start":{"line":66,"column":12},"end":{"line":68,"column":13}},{"start":{},"end":{}}]},"7":{"loc":{"start":{"line":70,"column":12},"end":{"line":72,"column":13}},"type":"if","locations":[{"start":{"line":70,"column":12},"end":{"line":72,"column":13}},{"start":{},"end":{}}]},"8":{"loc":{"start":{"line":76,"column":35},"end":{"line":76,"column":82}},"type":"cond-expr","locations":[{"start":{"line":76,"column":47},"end":{"line":76,"column":70}},{"start":{"line":76,"column":73},"end":{"line":76,"column":82}}]},"9":{"loc":{"start":{"line":78,"column":12},"end":{"line":80,"column":13}},"type":"if","locations":[{"start":{"line":78,"column":12},"end":{"line":80,"column":13}},{"start":{},"end":{}}]},"10":{"loc":{"start":{"line":78,"column":16},"end":{"line":78,"column":93}},"type":"binary-expr","locations":[{"start":{"line":78,"column":16},"end":{"line":78,"column":44}},{"start":{"line":78,"column":49},"end":{"line":78,"column":70}},{"start":{"line":78,"column":74},"end":{"line":78,"column":92}}]},"11":{"loc":{"start":{"line":83,"column":27},"end":{"line":83,"column":60}},"type":"binary-expr","locations":[{"start":{"line":83,"column":27},"end":{"line":83,"column":47}},{"start":{"line":83,"column":51},"end":{"line":83,"column":60}}]},"12":{"loc":{"start":{"line":86,"column":30},"end":{"line":86,"column":66}},"type":"binary-expr","locations":[{"start":{"line":86,"column":30},"end":{"line":86,"column":53}},{"start":{"line":86,"column":57},"end":{"line":86,"column":66}}]},"13":{"loc":{"start":{"line":97,"column":12},"end":{"line":100,"column":13}},"type":"if","locations":[{"start":{"line":97,"column":12},"end":{"line":100,"column":13}},{"start":{},"end":{}}]},"14":{"loc":{"start":{"line":109,"column":8},"end":{"line":111,"column":9}},"type":"if","locations":[{"start":{"line":109,"column":8},"end":{"line":111,"column":9}},{"start":{},"end":{}}]},"15":{"loc":{"start":{"line":115,"column":68},"end":{"line":115,"column":90}},"type":"binary-expr","locations":[{"start":{"line":115,"column":68},"end":{"line":115,"column":84}},{"start":{"line":115,"column":88},"end":{"line":115,"column":90}}]},"16":{"loc":{"start":{"line":115,"column":94},"end":{"line":115,"column":113}},"type":"binary-expr","locations":[{"start":{"line":115,"column":94},"end":{"line":115,"column":107}},{"start":{"line":115,"column":111},"end":{"line":115,"column":113}}]},"17":{"loc":{"start":{"line":138,"column":68},"end":{"line":138,"column":90}},"type":"binary-expr","locations":[{"start":{"line":138,"column":68},"end":{"line":138,"column":84}},{"start":{"line":138,"column":88},"end":{"line":138,"column":90}}]},"18":{"loc":{"start":{"line":138,"column":94},"end":{"line":138,"column":113}},"type":"binary-expr","locations":[{"start":{"line":138,"column":94},"end":{"line":138,"column":107}},{"start":{"line":138,"column":111},"end":{"line":138,"column":113}}]}},"s":{"0":2,"1":2,"2":16,"3":16,"4":16,"5":0,"6":16,"7":16,"8":1,"9":15,"10":15,"11":15,"12":0,"13":15,"14":15,"15":1,"16":14,"17":14,"18":1,"19":13,"20":13,"21":13,"22":1,"23":12,"24":1,"25":11,"26":11,"27":11,"28":1,"29":10,"30":10,"31":10,"32":5,"33":5,"34":0,"35":2,"36":0,"37":2,"38":2,"39":2,"40":2,"41":1,"42":1,"43":1,"44":10,"45":2},"f":{"0":16,"1":16,"2":2,"3":1,"4":10},"b":{"0":[0,16],"1":[16,16],"2":[1,15],"3":[0,15],"4":[1,14],"5":[1,13],"6":[1,12],"7":[1,11],"8":[2,9],"9":[1,10],"10":[11,2,2],"11":[10,1],"12":[10,10],"13":[5,0],"14":[0,2],"15":[2,2],"16":[2,0],"17":[1,1],"18":[1,0]}}
,"/Users/macosbigsur/Documents/Code/Drips-OSS/hintents/src/rpc/fallback-client.ts": {"path":"/Users/macosbigsur/Documents/Code/Drips-OSS/hintents/src/rpc/fallback-client.ts","statementMap":{"0":{"start":{"line":1,"column":0},"end":{"line":1,"column":57}},"1":{"start":{"line":18,"column":12},"end":{"line":18,"column":37}},"2":{"start":{"line":20,"column":12},"end":{"line":20,"column":60}},"3":{"start":{"line":23,"column":8},"end":{"line":23,"column":29}},"4":{"start":{"line":24,"column":8},"end":{"line":34,"column":12}},"5":{"start":{"line":24,"column":49},"end":{"line":34,"column":10}},"6":{"start":{"line":37,"column":8},"end":{"line":46,"column":11}},"7":{"start":{"line":38,"column":12},"end":{"line":45,"column":16}},"8":{"start":{"line":48,"column":8},"end":{"line":48,"column":90}},"9":{"start":{"line":49,"column":8},"end":{"line":51,"column":11}},"10":{"start":{"line":50,"column":12},"end":{"line":50,"column":53}},"11":{"start":{"line":58,"column":26},"end":{"line":58,"column":36}},"12":{"start":{"line":59,"column":38},"end":{"line":59,"column":42}},"13":{"start":{"line":62,"column":8},"end":{"line":110,"column":9}},"14":{"start":{"line":62,"column":27},"end":{"line":62,"column":28}},"15":{"start":{"line":63,"column":29},"end":{"line":63,"column":58}},"16":{"start":{"line":65,"column":12},"end":{"line":67,"column":13}},"17":{"start":{"line":66,"column":16},"end":{"line":66,"column":69}},"18":{"start":{"line":69,"column":12},"end":{"line":109,"column":13}},"19":{"start":{"line":70,"column":16},"end":{"line":70,"column":41}},"20":{"start":{"line":71,"column":16},"end":{"line":71,"column":77}},"21":{"start":{"line":73,"column":41},"end":{"line":73,"column":51}},"22":{"start":{"line":74,"column":31},"end":{"line":74,"column":62}},"23":{"start":{"line":75,"column":33},"end":{"line":75,"column":80}},"24":{"start":{"line":77,"column":33},"end":{"line":77,"column":62}},"25":{"start":{"line":78,"column":16},"end":{"line":78,"column":61}},"26":{"start":{"line":81,"column":16},"end":{"line":81,"column":43}},"27":{"start":{"line":82,"column":16},"end":{"line":82,"column":38}},"28":{"start":{"line":84,"column":16},"end":{"line":84,"column":72}},"29":{"start":{"line":86,"column":16},"end":{"line":86,"column":37}},"30":{"start":{"line":89,"column":16},"end":{"line":89,"column":43}},"31":{"start":{"line":90,"column":33},"end":{"line":90,"column":55}},"32":{"start":{"line":91,"column":16},"end":{"line":91,"column":62}},"33":{"start":{"line":94,"column":16},"end":{"line":108,"column":17}},"34":{"start":{"line":95,"column":20},"end":{"line":95,"column":76}},"35":{"start":{"line":96,"column":20},"end":{"line":96,"column":99}},"36":{"start":{"line":99,"column":20},"end":{"line":99,"column":47}},"37":{"start":{"line":102,"column":20},"end":{"line":102,"column":29}},"38":{"start":{"line":106,"column":20},"end":{"line":106,"column":47}},"39":{"start":{"line":107,"column":20},"end":{"line":107,"column":32}},"40":{"start":{"line":113,"column":30},"end":{"line":113,"column":52}},"41":{"start":{"line":114,"column":8},"end":{"line":114,"column":77}},"42":{"start":{"line":115,"column":8},"end":{"line":115,"column":75}},"43":{"start":{"line":122,"column":8},"end":{"line":126,"column":9}},"44":{"start":{"line":123,"column":12},"end":{"line":123,"column":36}},"45":{"start":{"line":125,"column":12},"end":{"line":125,"column":36}},"46":{"start":{"line":129,"column":22},"end":{"line":129,"column":67}},"47":{"start":{"line":130,"column":8},"end":{"line":130,"column":95}},"48":{"start":{"line":139,"column":8},"end":{"line":153,"column":9}},"49":{"start":{"line":139,"column":27},"end":{"line":139,"column":28}},"50":{"start":{"line":140,"column":12},"end":{"line":152,"column":13}},"51":{"start":{"line":141,"column":16},"end":{"line":141,"column":53}},"52":{"start":{"line":143,"column":16},"end":{"line":143,"column":34}},"53":{"start":{"line":145,"column":16},"end":{"line":151,"column":17}},"54":{"start":{"line":146,"column":34},"end":{"line":146,"column":79}},"55":{"start":{"line":147,"column":20},"end":{"line":147,"column":112}},"56":{"start":{"line":148,"column":20},"end":{"line":148,"column":77}},"57":{"start":{"line":148,"column":49},"end":{"line":148,"column":75}},"58":{"start":{"line":150,"column":20},"end":{"line":150,"column":32}},"59":{"start":{"line":155,"column":8},"end":{"line":155,"column":24}},"60":{"start":{"line":162,"column":20},"end":{"line":162,"column":30}},"61":{"start":{"line":165,"column":8},"end":{"line":173,"column":11}},"62":{"start":{"line":166,"column":12},"end":{"line":172,"column":13}},"63":{"start":{"line":167,"column":16},"end":{"line":171,"column":17}},"64":{"start":{"line":168,"column":20},"end":{"line":168,"column":81}},"65":{"start":{"line":169,"column":20},"end":{"line":169,"column":49}},"66":{"start":{"line":170,"column":20},"end":{"line":170,"column":46}},"67":{"start":{"line":176,"column":8},"end":{"line":184,"column":9}},"68":{"start":{"line":176,"column":21},"end":{"line":176,"column":22}},"69":{"start":{"line":177,"column":26},"end":{"line":177,"column":73}},"70":{"start":{"line":178,"column":29},"end":{"line":178,"column":50}},"71":{"start":{"line":180,"column":12},"end":{"line":183,"column":13}},"72":{"start":{"line":181,"column":16},"end":{"line":181,"column":72}},"73":{"start":{"line":182,"column":16},"end":{"line":182,"column":32}},"74":{"start":{"line":186,"column":8},"end":{"line":186,"column":20}},"75":{"start":{"line":193,"column":8},"end":{"line":193,"column":32}},"76":{"start":{"line":194,"column":8},"end":{"line":194,"column":34}},"77":{"start":{"line":195,"column":8},"end":{"line":195,"column":37}},"78":{"start":{"line":202,"column":8},"end":{"line":202,"column":33}},"79":{"start":{"line":203,"column":8},"end":{"line":203,"column":32}},"80":{"start":{"line":204,"column":8},"end":{"line":204,"column":42}},"81":{"start":{"line":207,"column":8},"end":{"line":210,"column":9}},"82":{"start":{"line":208,"column":12},"end":{"line":208,"column":74}},"83":{"start":{"line":209,"column":12},"end":{"line":209,"column":40}},"84":{"start":{"line":218,"column":8},"end":{"line":245,"column":9}},"85":{"start":{"line":219,"column":31},"end":{"line":219,"column":50}},"86":{"start":{"line":222,"column":12},"end":{"line":224,"column":13}},"87":{"start":{"line":223,"column":16},"end":{"line":223,"column":28}},"88":{"start":{"line":227,"column":35},"end":{"line":230,"column":14}},"89":{"start":{"line":232,"column":12},"end":{"line":234,"column":13}},"90":{"start":{"line":233,"column":16},"end":{"line":233,"column":28}},"91":{"start":{"line":237,"column":12},"end":{"line":239,"column":13}},"92":{"start":{"line":238,"column":16},"end":{"line":238,"column":28}},"93":{"start":{"line":242,"column":12},"end":{"line":244,"column":13}},"94":{"start":{"line":243,"column":16},"end":{"line":243,"column":28}},"95":{"start":{"line":248,"column":25},"end":{"line":248,"column":70}},"96":{"start":{"line":249,"column":8},"end":{"line":251,"column":9}},"97":{"start":{"line":250,"column":12},"end":{"line":250,"column":24}},"98":{"start":{"line":253,"column":8},"end":{"line":253,"column":21}},"99":{"start":{"line":271,"column":8},"end":{"line":282,"column":12}},"100":{"start":{"line":271,"column":41},"end":{"line":282,"column":10}},"101":{"start":{"line":289,"column":8},"end":{"line":289,"column":75}},"102":{"start":{"line":291,"column":23},"end":{"line":302,"column":10}},"103":{"start":{"line":292,"column":12},"end":{"line":301,"column":13}},"104":{"start":{"line":293,"column":31},"end":{"line":293,"column":62}},"105":{"start":{"line":294,"column":16},"end":{"line":294,"column":63}},"106":{"start":{"line":296,"column":16},"end":{"line":296,"column":43}},"107":{"start":{"line":297,"column":16},"end":{"line":297,"column":52}},"108":{"start":{"line":299,"column":16},"end":{"line":299,"column":43}},"109":{"start":{"line":300,"column":16},"end":{"line":300,"column":52}},"110":{"start":{"line":304,"column":8},"end":{"line":304,"column":41}},"111":{"start":{"line":16,"column":0},"end":{"line":16,"column":13}}},"fnMap":{"0":{"name":"(anonymous_1)","decl":{"start":{"line":22,"column":4},"end":{"line":22,"column":16}},"loc":{"start":{"line":22,"column":33},"end":{"line":52,"column":5}}},"1":{"name":"(anonymous_2)","decl":{"start":{"line":24,"column":41},"end":{"line":24,"column":44}},"loc":{"start":{"line":24,"column":49},"end":{"line":34,"column":10}}},"2":{"name":"(anonymous_3)","decl":{"start":{"line":37,"column":31},"end":{"line":37,"column":39}},"loc":{"start":{"line":37,"column":42},"end":{"line":46,"column":9}}},"3":{"name":"(anonymous_4)","decl":{"start":{"line":49,"column":31},"end":{"line":49,"column":32}},"loc":{"start":{"line":49,"column":43},"end":{"line":51,"column":9}}},"4":{"name":"(anonymous_5)","decl":{"start":{"line":57,"column":4},"end":{"line":57,"column":9}},"loc":{"start":{"line":57,"column":51},"end":{"line":116,"column":5}}},"5":{"name":"(anonymous_6)","decl":{"start":{"line":121,"column":12},"end":{"line":121,"column":25}},"loc":{"start":{"line":121,"column":83},"end":{"line":131,"column":5}}},"6":{"name":"(anonymous_7)","decl":{"start":{"line":136,"column":12},"end":{"line":136,"column":17}},"loc":{"start":{"line":136,"column":81},"end":{"line":156,"column":5}}},"7":{"name":"(anonymous_8)","decl":{"start":{"line":148,"column":38},"end":{"line":148,"column":45}},"loc":{"start":{"line":148,"column":49},"end":{"line":148,"column":75}}},"8":{"name":"(anonymous_9)","decl":{"start":{"line":161,"column":12},"end":{"line":161,"column":34}},"loc":{"start":{"line":161,"column":34},"end":{"line":187,"column":5}}},"9":{"name":"(anonymous_10)","decl":{"start":{"line":165,"column":31},"end":{"line":165,"column":39}},"loc":{"start":{"line":165,"column":42},"end":{"line":173,"column":9}}},"10":{"name":"(anonymous_11)","decl":{"start":{"line":192,"column":12},"end":{"line":192,"column":23}},"loc":{"start":{"line":192,"column":45},"end":{"line":196,"column":5}}},"11":{"name":"(anonymous_12)","decl":{"start":{"line":201,"column":12},"end":{"line":201,"column":23}},"loc":{"start":{"line":201,"column":45},"end":{"line":211,"column":5}}},"12":{"name":"(anonymous_13)","decl":{"start":{"line":216,"column":12},"end":{"line":216,"column":28}},"loc":{"start":{"line":216,"column":39},"end":{"line":254,"column":5}}},"13":{"name":"(anonymous_14)","decl":{"start":{"line":259,"column":4},"end":{"line":259,"column":19}},"loc":{"start":{"line":259,"column":19},"end":{"line":283,"column":5}}},"14":{"name":"(anonymous_15)","decl":{"start":{"line":271,"column":34},"end":{"line":271,"column":36}},"loc":{"start":{"line":271,"column":41},"end":{"line":282,"column":10}}},"15":{"name":"(anonymous_16)","decl":{"start":{"line":288,"column":4},"end":{"line":288,"column":9}},"loc":{"start":{"line":288,"column":29},"end":{"line":305,"column":5}}},"16":{"name":"(anonymous_17)","decl":{"start":{"line":291,"column":42},"end":{"line":291,"column":47}},"loc":{"start":{"line":291,"column":61},"end":{"line":302,"column":9}}}},"branchMap":{"0":{"loc":{"start":{"line":43,"column":24},"end":{"line":43,"column":44}},"type":"binary-expr","locations":[{"start":{"line":43,"column":24},"end":{"line":43,"column":38}},{"start":{"line":43,"column":42},"end":{"line":43,"column":44}}]},"1":{"loc":{"start":{"line":65,"column":12},"end":{"line":67,"column":13}},"type":"if","locations":[{"start":{"line":65,"column":12},"end":{"line":67,"column":13}},{"start":{},"end":{}}]},"2":{"loc":{"start":{"line":94,"column":16},"end":{"line":108,"column":17}},"type":"if","locations":[{"start":{"line":94,"column":16},"end":{"line":108,"column":17}},{"start":{"line":103,"column":23},"end":{"line":108,"column":17}}]},"3":{"loc":{"start":{"line":96,"column":47},"end":{"line":96,"column":95}},"type":"binary-expr","locations":[{"start":{"line":96,"column":47},"end":{"line":96,"column":68}},{"start":{"line":96,"column":72},"end":{"line":96,"column":95}}]},"4":{"loc":{"start":{"line":122,"column":8},"end":{"line":126,"column":9}},"type":"if","locations":[{"start":{"line":122,"column":8},"end":{"line":126,"column":9}},{"start":{"line":124,"column":15},"end":{"line":126,"column":9}}]},"5":{"loc":{"start":{"line":145,"column":16},"end":{"line":151,"column":17}},"type":"if","locations":[{"start":{"line":145,"column":16},"end":{"line":151,"column":17}},{"start":{"line":149,"column":23},"end":{"line":151,"column":17}}]},"6":{"loc":{"start":{"line":145,"column":20},"end":{"line":145,"column":85}},"type":"binary-expr","locations":[{"start":{"line":145,"column":20},"end":{"line":145,"column":53}},{"start":{"line":145,"column":57},"end":{"line":145,"column":85}}]},"7":{"loc":{"start":{"line":166,"column":12},"end":{"line":172,"column":13}},"type":"if","locations":[{"start":{"line":166,"column":12},"end":{"line":172,"column":13}},{"start":{},"end":{}}]},"8":{"loc":{"start":{"line":166,"column":16},"end":{"line":166,"column":60}},"type":"binary-expr","locations":[{"start":{"line":166,"column":16},"end":{"line":166,"column":36}},{"start":{"line":166,"column":40},"end":{"line":166,"column":60}}]},"9":{"loc":{"start":{"line":167,"column":16},"end":{"line":171,"column":17}},"type":"if","locations":[{"start":{"line":167,"column":16},"end":{"line":171,"column":17}},{"start":{},"end":{}}]},"10":{"loc":{"start":{"line":180,"column":12},"end":{"line":183,"column":13}},"type":"if","locations":[{"start":{"line":180,"column":12},"end":{"line":183,"column":13}},{"start":{},"end":{}}]},"11":{"loc":{"start":{"line":207,"column":8},"end":{"line":210,"column":9}},"type":"if","locations":[{"start":{"line":207,"column":8},"end":{"line":210,"column":9}},{"start":{},"end":{}}]},"12":{"loc":{"start":{"line":218,"column":8},"end":{"line":245,"column":9}},"type":"if","locations":[{"start":{"line":218,"column":8},"end":{"line":245,"column":9}},{"start":{},"end":{}}]},"13":{"loc":{"start":{"line":222,"column":12},"end":{"line":224,"column":13}},"type":"if","locations":[{"start":{"line":222,"column":12},"end":{"line":224,"column":13}},{"start":{},"end":{}}]},"14":{"loc":{"start":{"line":232,"column":12},"end":{"line":234,"column":13}},"type":"if","locations":[{"start":{"line":232,"column":12},"end":{"line":234,"column":13}},{"start":{},"end":{}}]},"15":{"loc":{"start":{"line":232,"column":16},"end":{"line":232,"column":75}},"type":"binary-expr","locations":[{"start":{"line":232,"column":16},"end":{"line":232,"column":31}},{"start":{"line":232,"column":35},"end":{"line":232,"column":75}}]},"16":{"loc":{"start":{"line":237,"column":12},"end":{"line":239,"column":13}},"type":"if","locations":[{"start":{"line":237,"column":12},"end":{"line":239,"column":13}},{"start":{},"end":{}}]},"17":{"loc":{"start":{"line":242,"column":12},"end":{"line":244,"column":13}},"type":"if","locations":[{"start":{"line":242,"column":12},"end":{"line":244,"column":13}},{"start":{},"end":{}}]},"18":{"loc":{"start":{"line":248,"column":25},"end":{"line":248,"column":70}},"type":"binary-expr","locations":[{"start":{"line":248,"column":25},"end":{"line":248,"column":64}},{"start":{"line":248,"column":68},"end":{"line":248,"column":70}}]},"19":{"loc":{"start":{"line":249,"column":8},"end":{"line":251,"column":9}},"type":"if","locations":[{"start":{"line":249,"column":8},"end":{"line":251,"column":9}},{"start":{},"end":{}}]},"20":{"loc":{"start":{"line":249,"column":12},"end":{"line":249,"column":76}},"type":"binary-expr","locations":[{"start":{"line":249,"column":12},"end":{"line":249,"column":45}},{"start":{"line":249,"column":49},"end":{"line":249,"column":76}}]}},"s":{"0":1,"1":10,"2":10,"3":10,"4":10,"5":30,"6":10,"7":30,"8":10,"9":10,"10":30,"11":13,"12":13,"13":13,"14":13,"15":25,"16":25,"17":0,"18":25,"19":25,"20":25,"21":25,"22":25,"23":25,"24":10,"25":10,"26":10,"27":10,"28":10,"29":10,"30":15,"31":15,"32":15,"33":15,"34":13,"35":13,"36":13,"37":13,"38":2,"39":2,"40":1,"41":1,"42":1,"43":25,"44":10,"45":15,"46":25,"47":25,"48":25,"49":25,"50":38,"51":38,"52":28,"53":28,"54":13,"55":13,"56":13,"57":13,"58":15,"59":0,"60":25,"61":25,"62":75,"63":2,"64":0,"65":0,"66":0,"67":25,"68":25,"69":26,"70":26,"71":26,"72":25,"73":25,"74":0,"75":12,"76":12,"77":12,"78":16,"79":16,"80":16,"81":16,"82":1,"83":1,"84":30,"85":30,"86":30,"87":24,"88":6,"89":6,"90":0,"91":6,"92":2,"93":4,"94":0,"95":4,"96":4,"97":0,"98":4,"99":3,"100":9,"101":1,"102":1,"103":3,"104":3,"105":3,"106":2,"107":2,"108":1,"109":1,"110":1,"111":1},"f":{"0":10,"1":30,"2":30,"3":30,"4":13,"5":25,"6":25,"7":13,"8":25,"9":75,"10":12,"11":16,"12":30,"13":3,"14":9,"15":1,"16":3},"b":{"0":[30,30],"1":[0,25],"2":[13,2],"3":[13,0],"4":[10,15],"5":[13,15],"6":[28,15],"7":[2,73],"8":[75,2],"9":[0,2],"10":[25,1],"11":[1,15],"12":[30,0],"13":[24,6],"14":[0,6],"15":[6,0],"16":[2,4],"17":[0,4],"18":[4,0],"19":[0,4],"20":[4,4]}}
}
