TN:
SF:src/config/rpc-config.ts
FN:18,(anonymous_0)
FN:25,(anonymous_1)
FN:29,(anonymous_2)
FN:41,(anonymous_3)
FN:54,(anonymous_4)
FNF:5
FNH:5
FNDA:8,(anonymous_0)
FNDA:13,(anonymous_1)
FNDA:15,(anonymous_2)
FNDA:19,(anonymous_3)
FNDA:4,(anonymous_4)
DA:1,1
DA:14,1
DA:19,8
DA:21,8
DA:22,1
DA:23,7
DA:25,13
DA:29,15
DA:31,8
DA:32,1
DA:35,7
DA:42,19
DA:43,19
DA:44,16
DA:46,3
DA:47,3
DA:60,4
DA:62,4
DA:63,1
DA:66,3
DA:68,3
LF:21
LH:21
BRDA:21,0,0,1
BRDA:21,0,1,7
BRDA:23,1,0,7
BRDA:23,1,1,0
BRDA:31,2,0,1
BRDA:31,2,1,7
BRDA:44,3,0,16
BRDA:44,3,1,15
BRDA:60,4,0,4
BRDA:60,4,1,2
BRDA:62,5,0,1
BRDA:62,5,1,3
BRDA:70,6,0,3
BRDA:70,6,1,2
BRDA:71,7,0,3
BRDA:71,7,1,2
BRF:16
BRH:15
end_of_record
TN:
SF:src/debug/session.ts
FN:8,(anonymous_0)
FN:12,(anonymous_1)
FNF:2
FNH:2
FNDA:6,(anonymous_0)
FNDA:6,(anonymous_1)
DA:5,1
DA:9,6
DA:13,6
LF:3
LH:3
BRF:0
BRH:0
end_of_record
TN:
SF:src/protocol/handler.ts
FN:26,(anonymous_9)
FN:43,(anonymous_10)
FN:74,(anonymous_11)
FN:103,(anonymous_12)
FN:115,(anonymous_13)
FN:129,(anonymous_14)
FN:155,(anonymous_15)
FNF:7
FNH:7
FNDA:4,(anonymous_9)
FNDA:8,(anonymous_10)
FNDA:8,(anonymous_11)
FNDA:8,(anonymous_12)
FNDA:6,(anonymous_13)
FNDA:6,(anonymous_14)
FNDA:8,(anonymous_15)
DA:1,1
DA:2,1
DA:3,1
DA:4,1
DA:5,1
DA:20,1
DA:23,4
DA:27,4
DA:28,4
DA:37,4
DA:44,8
DA:46,8
DA:48,8
DA:51,8
DA:54,8
DA:57,6
DA:60,6
DA:63,2
DA:64,2
DA:65,2
DA:67,0
DA:76,8
DA:79,7
DA:80,0
DA:82,0
DA:83,0
DA:88,7
DA:89,7
DA:90,0
DA:92,7
DA:93,1
DA:104,8
DA:105,8
DA:107,8
DA:108,5
DA:111,8
DA:114,8
DA:115,8
DA:117,8
DA:118,1
DA:122,7
DA:123,7
DA:130,6
DA:131,6
DA:132,6
DA:134,6
DA:135,0
DA:138,6
DA:139,6
DA:142,6
DA:148,6
DA:156,8
DA:158,8
DA:160,8
DA:167,8
DA:170,0
LF:56
LH:49
BRDA:26,0,0,0
BRDA:63,1,0,2
BRDA:63,1,1,0
BRDA:79,2,0,0
BRDA:79,2,1,7
BRDA:79,3,0,7
BRDA:79,3,1,7
BRDA:82,4,0,0
BRDA:82,4,1,0
BRDA:88,5,0,7
BRDA:88,5,1,0
BRDA:89,6,0,0
BRDA:89,6,1,7
BRDA:92,7,0,1
BRDA:92,7,1,6
BRDA:107,8,0,5
BRDA:107,8,1,3
BRDA:114,9,0,8
BRDA:114,9,1,0
BRDA:117,10,0,1
BRDA:117,10,1,7
BRDA:117,11,0,8
BRDA:117,11,1,0
BRDA:134,12,0,0
BRDA:134,12,1,6
BRDA:138,13,0,6
BRDA:138,13,1,0
BRF:27
BRH:16
end_of_record
TN:
SF:src/protocol/uri-parser.ts
FN:17,(anonymous_9)
FN:24,(anonymous_10)
FN:108,(anonymous_11)
FN:137,(anonymous_12)
FN:149,(anonymous_13)
FNF:5
FNH:5
FNDA:16,(anonymous_9)
FNDA:16,(anonymous_10)
FNDA:2,(anonymous_11)
FNDA:1,(anonymous_12)
FNDA:10,(anonymous_13)
DA:1,2
DA:2,2
DA:17,2
DA:18,16
DA:19,16
DA:26,16
DA:27,0
DA:31,16
DA:34,16
DA:35,1
DA:38,15
DA:40,15
DA:44,15
DA:45,0
DA:48,15
DA:50,15
DA:51,1
DA:54,14
DA:57,14
DA:58,1
DA:62,13
DA:65,13
DA:66,13
DA:67,1
DA:70,12
DA:71,1
DA:75,11
DA:76,11
DA:78,11
DA:79,1
DA:83,10
DA:86,10
DA:88,10
DA:97,5
DA:99,5
DA:101,0
DA:109,2
DA:110,0
DA:115,2
DA:118,2
DA:124,2
DA:125,2
DA:130,1
DA:138,1
DA:140,1
DA:152,10
LF:46
LH:42
BRDA:26,0,0,0
BRDA:26,0,1,16
BRDA:26,1,0,16
BRDA:26,1,1,16
BRDA:34,2,0,1
BRDA:34,2,1,15
BRDA:44,3,0,0
BRDA:44,3,1,15
BRDA:50,4,0,1
BRDA:50,4,1,14
BRDA:57,5,0,1
BRDA:57,5,1,13
BRDA:66,6,0,1
BRDA:66,6,1,12
BRDA:70,7,0,1
BRDA:70,7,1,11
BRDA:76,8,0,2
BRDA:76,8,1,9
BRDA:78,9,0,1
BRDA:78,9,1,10
BRDA:78,10,0,11
BRDA:78,10,1,2
BRDA:78,10,2,2
BRDA:83,11,0,10
BRDA:83,11,1,1
BRDA:86,12,0,10
BRDA:86,12,1,10
BRDA:97,13,0,5
BRDA:97,13,1,0
BRDA:109,14,0,0
BRDA:109,14,1,2
BRDA:115,15,0,2
BRDA:115,15,1,2
BRDA:115,16,0,2
BRDA:115,16,1,0
BRDA:138,17,0,1
BRDA:138,17,1,1
BRDA:138,18,0,1
BRDA:138,18,1,0
BRF:39
BRH:33
end_of_record
TN:
SF:src/rpc/fallback-client.ts
FN:22,(anonymous_1)
FN:24,(anonymous_2)
FN:37,(anonymous_3)
FN:49,(anonymous_4)
FN:57,(anonymous_5)
FN:121,(anonymous_6)
FN:136,(anonymous_7)
FN:148,(anonymous_8)
FN:161,(anonymous_9)
FN:165,(anonymous_10)
FN:192,(anonymous_11)
FN:201,(anonymous_12)
FN:216,(anonymous_13)
FN:259,(anonymous_14)
FN:271,(anonymous_15)
FN:288,(anonymous_16)
FN:291,(anonymous_17)
FNF:17
FNH:17
FNDA:10,(anonymous_1)
FNDA:30,(anonymous_2)
FNDA:30,(anonymous_3)
FNDA:30,(anonymous_4)
FNDA:13,(anonymous_5)
FNDA:25,(anonymous_6)
FNDA:25,(anonymous_7)
FNDA:13,(anonymous_8)
FNDA:25,(anonymous_9)
FNDA:75,(anonymous_10)
FNDA:12,(anonymous_11)
FNDA:16,(anonymous_12)
FNDA:30,(anonymous_13)
FNDA:3,(anonymous_14)
FNDA:9,(anonymous_15)
FNDA:1,(anonymous_16)
FNDA:3,(anonymous_17)
DA:1,1
DA:16,1
DA:18,10
DA:20,10
DA:23,10
DA:24,30
DA:37,10
DA:38,30
DA:48,10
DA:49,10
DA:50,30
DA:58,13
DA:59,13
DA:62,13
DA:63,25
DA:65,25
DA:66,0
DA:69,25
DA:70,25
DA:71,25
DA:73,25
DA:74,25
DA:75,25
DA:77,10
DA:78,10
DA:81,10
DA:82,10
DA:84,10
DA:86,10
DA:89,15
DA:90,15
DA:91,15
DA:94,15
DA:95,13
DA:96,13
DA:99,13
DA:102,13
DA:106,2
DA:107,2
DA:113,1
DA:114,1
DA:115,1
DA:122,25
DA:123,10
DA:125,15
DA:129,25
DA:130,25
DA:139,25
DA:140,38
DA:141,38
DA:143,28
DA:145,28
DA:146,13
DA:147,13
DA:148,13
DA:150,15
DA:155,0
DA:162,25
DA:165,25
DA:166,75
DA:167,2
DA:168,0
DA:169,0
DA:170,0
DA:176,25
DA:177,26
DA:178,26
DA:180,26
DA:181,25
DA:182,25
DA:186,0
DA:193,12
DA:194,12
DA:195,12
DA:202,16
DA:203,16
DA:204,16
DA:207,16
DA:208,1
DA:209,1
DA:218,30
DA:219,30
DA:222,30
DA:223,24
DA:227,6
DA:232,6
DA:233,0
DA:237,6
DA:238,2
DA:242,4
DA:243,0
DA:248,4
DA:249,4
DA:250,0
DA:253,4
DA:271,9
DA:289,1
DA:291,1
DA:292,3
DA:293,3
DA:294,3
DA:296,2
DA:297,2
DA:299,1
DA:300,1
DA:304,1
LF:106
LH:97
BRDA:43,0,0,30
BRDA:43,0,1,30
BRDA:65,1,0,0
BRDA:65,1,1,25
BRDA:94,2,0,13
BRDA:94,2,1,2
BRDA:96,3,0,13
BRDA:96,3,1,0
BRDA:122,4,0,10
BRDA:122,4,1,15
BRDA:145,5,0,13
BRDA:145,5,1,15
BRDA:145,6,0,28
BRDA:145,6,1,15
BRDA:166,7,0,2
BRDA:166,7,1,73
BRDA:166,8,0,75
BRDA:166,8,1,2
BRDA:167,9,0,0
BRDA:167,9,1,2
BRDA:180,10,0,25
BRDA:180,10,1,1
BRDA:207,11,0,1
BRDA:207,11,1,15
BRDA:218,12,0,30
BRDA:218,12,1,0
BRDA:222,13,0,24
BRDA:222,13,1,6
BRDA:232,14,0,0
BRDA:232,14,1,6
BRDA:232,15,0,6
BRDA:232,15,1,0
BRDA:237,16,0,2
BRDA:237,16,1,4
BRDA:242,17,0,0
BRDA:242,17,1,4
BRDA:248,18,0,4
BRDA:248,18,1,0
BRDA:249,19,0,0
BRDA:249,19,1,4
BRDA:249,20,0,4
BRDA:249,20,1,4
BRF:42
BRH:33
end_of_record
